./tests/list_tests: error while loading shared libraries: liblcthw.so: cannot open shared object file: No such file or directory
./tests/list_tests: error while loading shared libraries: liblcthw.so: cannot open shared object file: No such file or directory
./tests/list_tests: error while loading shared libraries: liblcthw.so: cannot open shared object file: No such file or directory
./tests/list_tests: error while loading shared libraries: liblcthw.so: cannot open shared object file: No such file or directory
./tests/list_tests: error while loading shared libraries: liblcthw.so: cannot open shared object file: No such file or directory
